<?xml version="1.0" encoding="UTF-8"?>
<!-- Generated by org.testng.reporters.JUnitReportReporter -->
<testsuite skipped="0" hostname="del1-lhp-n65294" name="testNG_tests.Login_n_Homepage_actions" tests="3" failures="0" timestamp="13 Aug 2019 05:13:50 GMT" time="0.685" errors="0">
  <testcase name="login_text_verify" time="0.059" classname="testNG_tests.Login_n_Homepage_actions"/>
  <testcase name="register_text_verify" time="0.029" classname="testNG_tests.Login_n_Homepage_actions"/>
  <testcase name="go_to_login" time="0.597" classname="testNG_tests.Login_n_Homepage_actions"/>
</testsuite> <!-- testNG_tests.Login_n_Homepage_actions -->
