<?xml version="1.0" encoding="UTF-8"?>
<!-- Generated by org.testng.reporters.JUnitReportReporter -->
<testsuite skipped="0" hostname="del1-lhp-n65294" name="testNG_tests.Profile_page_actions" tests="8" failures="0" timestamp="13 Aug 2019 17:09:22 GMT" time="5.647" errors="0">
  <testcase name="login_text_verify" time="0.106" classname="testNG_tests.Profile_page_actions"/>
  <testcase name="login_text_verify" time="0.122" classname="testNG_tests.Profile_page_actions"/>
  <testcase name="register_text_verify" time="0.093" classname="testNG_tests.Profile_page_actions"/>
  <testcase name="register_text_verify" time="0.101" classname="testNG_tests.Profile_page_actions"/>
  <testcase name="go_to_login" time="0.939" classname="testNG_tests.Profile_page_actions"/>
  <testcase name="go_to_login" time="0.809" classname="testNG_tests.Profile_page_actions"/>
  <testcase name="do_login" time="1.782" classname="testNG_tests.Profile_page_actions"/>
  <testcase name="do_login" time="1.695" classname="testNG_tests.Profile_page_actions"/>
</testsuite> <!-- testNG_tests.Profile_page_actions -->
