<?xml version="1.0" encoding="UTF-8"?>
<!-- Generated by org.testng.reporters.JUnitReportReporter -->
<testsuite skipped="0" hostname="del1-lhp-n65294" name="testNG_tests.Test_Factory_Runner" tests="1" failures="0" timestamp="13 Aug 2019 06:01:38 GMT" time="0.368" errors="0">
  <testcase name="get" time="0.368" classname="testNG_tests.Test_Factory_Runner"/>
</testsuite> <!-- testNG_tests.Test_Factory_Runner -->
